Start testing: Jul 03 21:17 CEST
----------------------------------------------------------
1/1 Testing: LexerTestSuite.oneLineLex
1/1 Test: LexerTestSuite.oneLineLex
Command: "/home/staffnerluca/Dokumente/resh/build/run_opt_test" "--gtest_filter=LexerTestSuite.oneLineLex" "--gtest_also_run_disabled_tests"
Directory: /home/staffnerluca/Dokumente/resh/build
"LexerTestSuite.oneLineLex" start time: Jul 03 21:17 CEST
Output:
----------------------------------------------------------
Running main() from /home/staffnerluca/Dokumente/resh/googletest/googletest/src/gtest_main.cc
Note: Google Test filter = LexerTestSuite.oneLineLex
[==========] Running 1 test from 1 test suite.
[----------] Global test environment set-up.
[----------] 1 test from LexerTestSuite
[ RUN      ] LexerTestSuite.oneLineLex
Hallo WeltUnable to open file.

[  INFO ] /home/staffnerluca/Dokumente/resh/tests/lexer-test.cpp:19:: Writing tokens: 

[  INFO ] /home/staffnerluca/Dokumente/resh/tests/lexer-test.cpp:20:: test starteajfdödsjfsaödfjö
[       OK ] LexerTestSuite.oneLineLex (0 ms)
[----------] 1 test from LexerTestSuite (0 ms total)

[----------] Global test environment tear-down
[==========] 1 test from 1 test suite ran. (0 ms total)
[  PASSED  ] 1 test.
<end of output>
Test time =   0.00 sec
----------------------------------------------------------
Test Passed.
"LexerTestSuite.oneLineLex" end time: Jul 03 21:17 CEST
"LexerTestSuite.oneLineLex" time elapsed: 00:00:00
----------------------------------------------------------

End testing: Jul 03 21:17 CEST
