<?xml version="1.0" encoding="UTF-8"?>
<Site BuildName="(empty)"
	BuildStamp="20240704-0305-Experimental"
	Name="(empty)"
	Generator="ctest-3.22.1"
	CompilerName=""
	CompilerVersion=""
	OSName="Linux"
	Hostname="staffnerluca-ZenBook-UX434FLC-UX434FL"
	OSRelease="5.15.0-112-generic"
	OSVersion="#122-Ubuntu SMP Thu May 23 07:48:21 UTC 2024"
	OSPlatform="x86_64"
	Is64Bits="1"
	VendorString="GenuineIntel"
	VendorID="Intel Corporation"
	FamilyID="6"
	ModelID="142"
	ProcessorCacheSize="8192"
	NumberOfLogicalCPU="8"
	NumberOfPhysicalCPU="4"
	TotalVirtualMemory="2047"
	TotalPhysicalMemory="15786"
	LogicalProcessorsPerPhysical="2"
	ProcessorClockFrequency="2436.85"
	>
	<Testing>
		<StartDateTime>Jul 04 19:44 CEST</StartDateTime>
		<StartTestTime>1720115052</StartTestTime>
		<TestList/>
		<EndDateTime>Jul 04 19:44 CEST</EndDateTime>
		<EndTestTime>1720115052</EndTestTime>
		<ElapsedMinutes>0</ElapsedMinutes>
	</Testing>
</Site>
